<?xml version="1.0" encoding="UTF-8"?>
<!-- Generated by org.testng.reporters.JUnitReportReporter -->
<testsuite hostname="Raghava" failures="0" tests="1" name="Testng.test2" time="0.007" errors="0" timestamp="30 Oct 2023 04:12:27 GMT" skipped="0">
  <testcase classname="Testng.test2" name="test2" time="0.007"/>
</testsuite> <!-- Testng.test2 -->
