<?xml version="1.0" encoding="UTF-8"?>
<!-- Generated by org.testng.reporters.JUnitReportReporter -->
<testsuite hostname="Raghava" failures="0" tests="1" name="Testng.test" time="0.018" errors="0" timestamp="30 Oct 2023 04:07:30 GMT" skipped="0">
  <testcase classname="Testng.test" name="f" time="0.018"/>
</testsuite> <!-- Testng.test -->
